{
    "first_name": "\u041d\u0438\u043a\u0438\u0442\u0430",
    "id": 82691326,
    "text": "s",
    "last_name": "\u041a\u043e\u0432\u0430\u043b\u0435\u0432",
    "username": "justkiy"
}
{
    "first_name": "\u041d\u0438\u043a\u0438\u0442\u0430",
    "id": 82691326,
    "text": "/status",
    "last_name": "\u041a\u043e\u0432\u0430\u043b\u0435\u0432",
    "username": "justkiy"
}
{
    "first_name": "\u041d\u0438\u043a\u0438\u0442\u0430",
    "id": 82691326,
    "text": "/register \u043b\u043e\u043b",
    "last_name": "\u041a\u043e\u0432\u0430\u043b\u0435\u0432",
    "username": "justkiy"
}
{
    "username": "justkiy",
    "text": "/status",
    "first_name": "\u041d\u0438\u043a\u0438\u0442\u0430",
    "id": 82691326,
    "last_name": "\u041a\u043e\u0432\u0430\u043b\u0435\u0432"
}
{
    "username": "justkiy",
    "text": "/start_quest",
    "first_name": "\u041d\u0438\u043a\u0438\u0442\u0430",
    "id": 82691326,
    "last_name": "\u041a\u043e\u0432\u0430\u043b\u0435\u0432"
}
{
    "username": "justkiy",
    "text": "\u0442\u0435\u043a\u0441\u04420",
    "first_name": "\u041d\u0438\u043a\u0438\u0442\u0430",
    "id": 82691326,
    "last_name": "\u041a\u043e\u0432\u0430\u043b\u0435\u0432"
}
{
    "username": "justkiy",
    "text": "\u0442\u0435\u043a\u0441\u04420",
    "first_name": "\u041d\u0438\u043a\u0438\u0442\u0430",
    "id": 82691326,
    "last_name": "\u041a\u043e\u0432\u0430\u043b\u0435\u0432"
}
{
    "username": "justkiy",
    "text": "00000",
    "first_name": "\u041d\u0438\u043a\u0438\u0442\u0430",
    "id": 82691326,
    "last_name": "\u041a\u043e\u0432\u0430\u043b\u0435\u0432"
}
{
    "id": 82691326,
    "first_name": "\u041d\u0438\u043a\u0438\u0442\u0430",
    "username": "justkiy",
    "last_name": "\u041a\u043e\u0432\u0430\u043b\u0435\u0432",
    "text": "/status"
}
{
    "id": 82691326,
    "first_name": "\u041d\u0438\u043a\u0438\u0442\u0430",
    "username": "justkiy",
    "last_name": "\u041a\u043e\u0432\u0430\u043b\u0435\u0432",
    "text": "/start_quest"
}
{
    "id": 82691326,
    "first_name": "\u041d\u0438\u043a\u0438\u0442\u0430",
    "username": "justkiy",
    "last_name": "\u041a\u043e\u0432\u0430\u043b\u0435\u0432",
    "text": "/stop_quest"
}
{
    "id": 82691326,
    "first_name": "\u041d\u0438\u043a\u0438\u0442\u0430",
    "username": "justkiy",
    "last_name": "\u041a\u043e\u0432\u0430\u043b\u0435\u0432",
    "text": "/register lal"
}
{
    "id": 82691326,
    "first_name": "\u041d\u0438\u043a\u0438\u0442\u0430",
    "username": "justkiy",
    "last_name": "\u041a\u043e\u0432\u0430\u043b\u0435\u0432",
    "text": "/status"
}
{
    "id": 82691326,
    "first_name": "\u041d\u0438\u043a\u0438\u0442\u0430",
    "username": "justkiy",
    "last_name": "\u041a\u043e\u0432\u0430\u043b\u0435\u0432",
    "text": "/start"
}
{
    "id": 82691326,
    "first_name": "\u041d\u0438\u043a\u0438\u0442\u0430",
    "username": "justkiy",
    "last_name": "\u041a\u043e\u0432\u0430\u043b\u0435\u0432",
    "text": "/start_quest"
}
{
    "id": 82691326,
    "first_name": "\u041d\u0438\u043a\u0438\u0442\u0430",
    "username": "justkiy",
    "last_name": "\u041a\u043e\u0432\u0430\u043b\u0435\u0432",
    "text": "\u0442\u0435\u043a\u0441\u04420"
}
{
    "id": 82691326,
    "first_name": "\u041d\u0438\u043a\u0438\u0442\u0430",
    "username": "justkiy",
    "last_name": "\u041a\u043e\u0432\u0430\u043b\u0435\u0432",
    "text": "00000"
}
{
    "id": 82691326,
    "first_name": "\u041d\u0438\u043a\u0438\u0442\u0430",
    "username": "justkiy",
    "last_name": "\u041a\u043e\u0432\u0430\u043b\u0435\u0432",
    "text": "\u0442\u0435\u043a\u0441\u044201"
}
{
    "id": 82691326,
    "first_name": "\u041d\u0438\u043a\u0438\u0442\u0430",
    "username": "justkiy",
    "last_name": "\u041a\u043e\u0432\u0430\u043b\u0435\u0432",
    "text": "00001"
}
{
    "id": 82691326,
    "first_name": "\u041d\u0438\u043a\u0438\u0442\u0430",
    "username": "justkiy",
    "last_name": "\u041a\u043e\u0432\u0430\u043b\u0435\u0432",
    "text": "\u0442\u0435\u043a\u0441\u044202"
}
{
    "id": 82691326,
    "first_name": "\u041d\u0438\u043a\u0438\u0442\u0430",
    "username": "justkiy",
    "last_name": "\u041a\u043e\u0432\u0430\u043b\u0435\u0432",
    "text": "00002"
}
{
    "id": 82691326,
    "first_name": "\u041d\u0438\u043a\u0438\u0442\u0430",
    "username": "justkiy",
    "last_name": "\u041a\u043e\u0432\u0430\u043b\u0435\u0432",
    "text": "\u0442\u0435\u043a\u0441\u044203"
}
{
    "id": 82691326,
    "first_name": "\u041d\u0438\u043a\u0438\u0442\u0430",
    "username": "justkiy",
    "last_name": "\u041a\u043e\u0432\u0430\u043b\u0435\u0432",
    "text": "00003"
}
{
    "id": 82691326,
    "first_name": "\u041d\u0438\u043a\u0438\u0442\u0430",
    "username": "justkiy",
    "last_name": "\u041a\u043e\u0432\u0430\u043b\u0435\u0432",
    "text": "\u0442\u0435\u043a\u0441\u0442"
}
{
    "id": 82691326,
    "first_name": "\u041d\u0438\u043a\u0438\u0442\u0430",
    "username": "justkiy",
    "last_name": "\u041a\u043e\u0432\u0430\u043b\u0435\u0432",
    "text": "B:TINTIN"
}
{
    "id": 82691326,
    "first_name": "\u041d\u0438\u043a\u0438\u0442\u0430",
    "username": "justkiy",
    "last_name": "\u041a\u043e\u0432\u0430\u043b\u0435\u0432",
    "text": "B:TINTIN"
}
{
    "username": "justkiy",
    "id": 82691326,
    "text": "/start_quest y",
    "last_name": "\u041a\u043e\u0432\u0430\u043b\u0435\u0432",
    "first_name": "\u041d\u0438\u043a\u0438\u0442\u0430"
}
{
    "username": "justkiy",
    "id": 82691326,
    "text": "/status",
    "last_name": "\u041a\u043e\u0432\u0430\u043b\u0435\u0432",
    "first_name": "\u041d\u0438\u043a\u0438\u0442\u0430"
}
{
    "username": "justkiy",
    "id": 82691326,
    "text": "/status",
    "last_name": "\u041a\u043e\u0432\u0430\u043b\u0435\u0432",
    "first_name": "\u041d\u0438\u043a\u0438\u0442\u0430"
}
{
    "username": "justkiy",
    "id": 82691326,
    "text": "/help",
    "last_name": "\u041a\u043e\u0432\u0430\u043b\u0435\u0432",
    "first_name": "\u041d\u0438\u043a\u0438\u0442\u0430"
}
{
    "username": "justkiy",
    "id": 82691326,
    "text": "/status",
    "last_name": "\u041a\u043e\u0432\u0430\u043b\u0435\u0432",
    "first_name": "\u041d\u0438\u043a\u0438\u0442\u0430"
}
{
    "username": "justkiy",
    "id": 82691326,
    "text": "00006",
    "last_name": "\u041a\u043e\u0432\u0430\u043b\u0435\u0432",
    "first_name": "\u041d\u0438\u043a\u0438\u0442\u0430"
}
{
    "username": "justkiy",
    "id": 82691326,
    "text": "B:TINTIN",
    "last_name": "\u041a\u043e\u0432\u0430\u043b\u0435\u0432",
    "first_name": "\u041d\u0438\u043a\u0438\u0442\u0430"
}
{
    "username": "justkiy",
    "id": 82691326,
    "text": "B:TINTIN",
    "last_name": "\u041a\u043e\u0432\u0430\u043b\u0435\u0432",
    "first_name": "\u041d\u0438\u043a\u0438\u0442\u0430"
}
{
    "username": "justkiy",
    "id": 82691326,
    "text": "00005",
    "last_name": "\u041a\u043e\u0432\u0430\u043b\u0435\u0432",
    "first_name": "\u041d\u0438\u043a\u0438\u0442\u0430"
}
{
    "username": "justkiy",
    "id": 82691326,
    "text": "00006",
    "last_name": "\u041a\u043e\u0432\u0430\u043b\u0435\u0432",
    "first_name": "\u041d\u0438\u043a\u0438\u0442\u0430"
}
{
    "username": "justkiy",
    "id": 82691326,
    "text": "00005",
    "last_name": "\u041a\u043e\u0432\u0430\u043b\u0435\u0432",
    "first_name": "\u041d\u0438\u043a\u0438\u0442\u0430"
}
{
    "username": "justkiy",
    "id": 82691326,
    "text": "00005",
    "last_name": "\u041a\u043e\u0432\u0430\u043b\u0435\u0432",
    "first_name": "\u041d\u0438\u043a\u0438\u0442\u0430"
}
{
    "username": "justkiy",
    "id": 82691326,
    "text": "00005",
    "last_name": "\u041a\u043e\u0432\u0430\u043b\u0435\u0432",
    "first_name": "\u041d\u0438\u043a\u0438\u0442\u0430"
}
{
    "username": "justkiy",
    "id": 82691326,
    "text": "00004",
    "last_name": "\u041a\u043e\u0432\u0430\u043b\u0435\u0432",
    "first_name": "\u041d\u0438\u043a\u0438\u0442\u0430"
}
{
    "username": "justkiy",
    "id": 82691326,
    "text": "\u0442\u0435\u043a\u0441\u044205",
    "last_name": "\u041a\u043e\u0432\u0430\u043b\u0435\u0432",
    "first_name": "\u041d\u0438\u043a\u0438\u0442\u0430"
}
{
    "username": "justkiy",
    "id": 82691326,
    "text": "/help",
    "last_name": "\u041a\u043e\u0432\u0430\u043b\u0435\u0432",
    "first_name": "\u041d\u0438\u043a\u0438\u0442\u0430"
}
{
    "username": "justkiy",
    "id": 82691326,
    "text": "/status",
    "last_name": "\u041a\u043e\u0432\u0430\u043b\u0435\u0432",
    "first_name": "\u041d\u0438\u043a\u0438\u0442\u0430"
}
{
    "username": "justkiy",
    "id": 82691326,
    "text": "/stop_quest",
    "last_name": "\u041a\u043e\u0432\u0430\u043b\u0435\u0432",
    "first_name": "\u041d\u0438\u043a\u0438\u0442\u0430"
}
{
    "username": "justkiy",
    "id": 82691326,
    "text": "/send_message lal \u043b\u043e\u0445",
    "last_name": "\u041a\u043e\u0432\u0430\u043b\u0435\u0432",
    "first_name": "\u041d\u0438\u043a\u0438\u0442\u0430"
}
{
    "username": "justkiy",
    "id": 82691326,
    "text": "/start_quest y",
    "last_name": "\u041a\u043e\u0432\u0430\u043b\u0435\u0432",
    "first_name": "\u041d\u0438\u043a\u0438\u0442\u0430"
}
{
    "username": "justkiy",
    "id": 82691326,
    "text": "/send_message lal \u043b\u043e\u0445",
    "last_name": "\u041a\u043e\u0432\u0430\u043b\u0435\u0432",
    "first_name": "\u041d\u0438\u043a\u0438\u0442\u0430"
}
{
    "username": "justkiy",
    "id": 82691326,
    "text": "/send lal \u043b\u043e\u0445",
    "last_name": "\u041a\u043e\u0432\u0430\u043b\u0435\u0432",
    "first_name": "\u041d\u0438\u043a\u0438\u0442\u0430"
}
{
    "username": "justkiy",
    "id": 82691326,
    "text": "/stop_quest",
    "last_name": "\u041a\u043e\u0432\u0430\u043b\u0435\u0432",
    "first_name": "\u041d\u0438\u043a\u0438\u0442\u0430"
}
{
    "username": "justkiy",
    "id": 82691326,
    "text": "/status",
    "last_name": "\u041a\u043e\u0432\u0430\u043b\u0435\u0432",
    "first_name": "\u041d\u0438\u043a\u0438\u0442\u0430"
}
{
    "username": "justkiy",
    "id": 82691326,
    "text": "/restart",
    "last_name": "\u041a\u043e\u0432\u0430\u043b\u0435\u0432",
    "first_name": "\u041d\u0438\u043a\u0438\u0442\u0430"
}
{
    "username": "justkiy",
    "id": 82691326,
    "text": "/status",
    "last_name": "\u041a\u043e\u0432\u0430\u043b\u0435\u0432",
    "first_name": "\u041d\u0438\u043a\u0438\u0442\u0430"
}
